<?xml version="1.0" encoding="UTF-8"?>
<testsuite xmlns:xsi="http://www.w3.org/2001/XMLSchema-instance" xsi:noNamespaceSchemaLocation="https://maven.apache.org/surefire/maven-surefire-plugin/xsd/surefire-test-report-3.0.xsd" version="3.0" name="TestSuite" time="128.359" tests="27" errors="0" skipped="0" failures="0">
  <properties>
[...]
</properties>
  <testcase name="tc_001_isBookShelvesButtonPresent" classname="testCases.TS_01_NavigateToBookshelvesPage" time="2.42">
    <system-err><![CDATA[SLF4J: Failed to load class "org.slf4j.impl.StaticLoggerBinder".
SLF4J: Defaulting to no-operation (NOP) logger implementation
SLF4J: See http://www.slf4j.org/codes.html#StaticLoggerBinder for further details.
]]></system-err>
  </testcase>
  <testcase name="tc_002_verifyBookshelvesPage" classname="testCases.TS_01_NavigateToBookshelvesPage" time="3.254"/>
  <testcase name="tc_003_handlePopup" classname="testCases.TS_02_VisibilityOfBookshelvesFilters" time="6.0"/>
  <testcase name="tc_004_isPriceFilterPresent" classname="testCases.TS_02_VisibilityOfBookshelvesFilters" time="0.32"/>
  <testcase name="tc_005_isStorageTypeFilterPresent" classname="testCases.TS_02_VisibilityOfBookshelvesFilters" time="0.295"/>
  <testcase name="tc_006_isBrandFilterPresent" classname="testCases.TS_02_VisibilityOfBookshelvesFilters" time="0.299"/>
  <testcase name="tc_007_isOutOfStockCheckboxPresent" classname="testCases.TS_02_VisibilityOfBookshelvesFilters" time="0.371"/>
  <testcase name="tc_008_isPriceFilterHoverable" classname="testCases.TS_02_VisibilityOfBookshelvesFilters" time="0.754"/>
  <testcase name="tc_009_isStorageTypeFilterHoverable" classname="testCases.TS_02_VisibilityOfBookshelvesFilters" time="0.623"/>
  <testcase name="tc_010_setPriceSlider" classname="testCases.TS_03_SettingTheRequiredFilters" time="1.06"/>
  <testcase name="tc_011_setStorageType" classname="testCases.TS_03_SettingTheRequiredFilters" time="0.589"/>
  <testcase name="tc_012_checkOutOfStock" classname="testCases.TS_03_SettingTheRequiredFilters" time="0.445"/>
  <testcase name="tc_013_displayBookshelvesDetails" classname="testCases.TS_04_DisplayBookShelvesDetails" time="16.709">
    <system-out><![CDATA[Belino Engineered Wood Bookshelf In Melamine Finish		₹3,706
Babylon Solid Wood Bookshelf In Walnut Finish		₹4,465
Armstrong Engineered Wood Bookshelf In Laminate Finish		₹8,259
]]></system-out>
  </testcase>
  <testcase name="tc_014_isHomeDecorMenuPresent" classname="testCases.TS_05_GetListOfSubMenuItems" time="5.789"/>
  <testcase name="tc_015_getHomeDecorSubMenuItems" classname="testCases.TS_05_GetListOfSubMenuItems" time="1.169">
    <system-out><![CDATA[
List of Sub-Menu items under the Home Decor Menu:
Showpieces
Vases
Artificial Plants
Artificial Flowers
Planters


]]></system-out>
  </testcase>
  <testcase name="tc_016_validateGiftCardButton" classname="testCases.TS_06_GiftCardCustomization" time="0.406"/>
  <testcase name="tc_017_navigateToGiftCardsPage" classname="testCases.TS_06_GiftCardCustomization" time="3.984"/>
  <testcase name="tc_018_verifyBirthdayCardIsDisplayed" classname="testCases.TS_06_GiftCardCustomization" time="0.283"/>
  <testcase name="tc_019_giftCardCustomization" classname="testCases.TS_06_GiftCardCustomization" time="1.658"/>
  <testcase name="tc_020_enterRecipientDetailsDDT[Recipient 1, recipient1@gmail.com, 9876543212](1)" classname="testCases.TS_07_ResipientAndSenderDetailsDDT" time="0.838"/>
  <testcase name="tc_021_enterSenderDetailsDDT[, sender@gmail.com, 9876543212, Bazargate, Mumbai](1)" classname="testCases.TS_07_ResipientAndSenderDetailsDDT" time="2.285">
    <system-out><![CDATA[Checking the Validity of the form without providing Sender's Name:
Please fill out this field.
Please enter a valid name.

]]></system-out>
  </testcase>
  <testcase name="tc_021_enterSenderDetailsDDT[Sender2, , 9876543212, Bazargate, Mumbai](2)" classname="testCases.TS_07_ResipientAndSenderDetailsDDT" time="1.844">
    <system-out><![CDATA[Checking the Validity of the form without providing Sender's Email:
Please fill out this field.

]]></system-out>
  </testcase>
  <testcase name="tc_021_enterSenderDetailsDDT[Sender3, sender, 9876543212, Bazargate, Mumbai](3)" classname="testCases.TS_07_ResipientAndSenderDetailsDDT" time="1.747">
    <system-out><![CDATA[Checking the Validity of the form with providing invalid Sender's Email:
Please include an '@' in the email address. 'sender' is missing an '@'.

]]></system-out>
  </testcase>
  <testcase name="tc_021_enterSenderDetailsDDT[Sender4, sender@gmail.com, , Bazargate, Mumbai](4)" classname="testCases.TS_07_ResipientAndSenderDetailsDDT" time="1.824">
    <system-out><![CDATA[Checking the Validity of the form without providing Sender's Mobile Number:
Please fill out this field.
Please enter a valid 10 digit mobile number

]]></system-out>
  </testcase>
  <testcase name="tc_021_enterSenderDetailsDDT[Sender5, sender@gmail.com, 9876543, Bazargate, Mumbai](5)" classname="testCases.TS_07_ResipientAndSenderDetailsDDT" time="1.836">
    <system-out><![CDATA[Checking the Validity of the form with providing invalid Sender's Mobile Number:
Please match the requested format.
Please enter a valid 10 digit mobile number

]]></system-out>
  </testcase>
  <testcase name="tc_021_enterSenderDetailsDDT[Sender6, sender@gmail.com, 9876543212, ](6)" classname="testCases.TS_07_ResipientAndSenderDetailsDDT" time="1.573">
    <system-out><![CDATA[Checking the Validity of the form without providing Sender's Address:
Please fill out this field.
Please enter a valid address.

]]></system-out>
  </testcase>
  <testcase name="tc_021_enterSenderDetailsDDT[, , , ](7)" classname="testCases.TS_07_ResipientAndSenderDetailsDDT" time="1.651">
    <system-out><![CDATA[Checking the Validity of the form without providing Sender's Name:
Please fill out this field.
Please enter a valid name.

]]></system-out>
  </testcase>
</testsuite>