<?xml version="1.0" encoding="UTF-8"?>
<!-- Generated by org.testng.reporters.JUnitXMLReporter -->
<testsuite ignored="0" hostname="LTIN180682" failures="0" tests="34" name="ChromeTest" time="190.972" errors="0" timestamp="2024-03-27T11:23:23 IST">
  <testcase classname="testScenarios.NavigateToBookshelvesPage" name="isBookShelvesButtonPresent" time="0.134"/>
  <testcase classname="testScenarios.NavigateToBookshelvesPage" name="verifyBookshelvesPage" time="3.552"/>
  <testcase classname="testScenarios.VisibilityOfBookshelvesFilters" name="handlePopup" time="7.429"/>
  <testcase classname="testScenarios.VisibilityOfBookshelvesFilters" name="isPriceFilterPresent" time="0.042"/>
  <testcase classname="testScenarios.VisibilityOfBookshelvesFilters" name="isStorageTypeFilterPresent" time="0.033"/>
  <testcase classname="testScenarios.VisibilityOfBookshelvesFilters" name="isBrandFilterPresent" time="0.031"/>
  <testcase classname="testScenarios.VisibilityOfBookshelvesFilters" name="isOutOfStockCheckboxPresent" time="0.033"/>
  <testcase classname="testScenarios.VisibilityOfBookshelvesFilters" name="isPriceFilterHoverable" time="0.21"/>
  <testcase classname="testScenarios.VisibilityOfBookshelvesFilters" name="isStorageTypeFilterHoverable" time="0.266"/>
  <testcase classname="testScenarios.SettingTheRequiredFilters" name="setPriceSlider" time="13.873"/>
  <testcase classname="testScenarios.SettingTheRequiredFilters" name="setStorageType" time="0.291"/>
  <testcase classname="testScenarios.SettingTheRequiredFilters" name="checkOutOfStock" time="0.09"/>
  <testcase classname="testScenarios.DisplayBookShelvesDetails" name="displayBookshelvesDetails" time="19.18"/>
  <testcase classname="testScenarios.GetListOfSubMenuItems" name="isHomeDecorMenuPresent" time="13.273"/>
  <testcase classname="testScenarios.GetListOfSubMenuItems" name="getHomeDecorSubMenuItems" time="0.903"/>
  <testcase classname="testScenarios.GiftCardCustomization" name="validateGiftCardButton" time="7.848"/>
  <testcase classname="testScenarios.GiftCardCustomization" name="navigateToGiftCardsPage" time="4.253"/>
  <testcase classname="testScenarios.GiftCardCustomization" name="verifyBirthdayCardIsDisplayed" time="0.165"/>
  <testcase classname="testScenarios.GiftCardCustomization" name="giftCardCustomization" time="1.019"/>
  <testcase classname="testScenarios.RecipientAndSenderDetails" name="enterRecipientDetails" time="13.183"/>
  <testcase classname="testScenarios.RecipientAndSenderDetails" name="validateErrorMessageWithoutNameInSenderDetails" time="0.696"/>
  <testcase classname="testScenarios.RecipientAndSenderDetails" name="validateErrorMessageWithoutEmailInSenderDetails" time="1.017"/>
  <testcase classname="testScenarios.RecipientAndSenderDetails" name="validateErrorMessageWithInvalidEmailInSenderDetails" time="0.786"/>
  <testcase classname="testScenarios.RecipientAndSenderDetails" name="validateErrorMessageWithoutMobileNumberInSenderDetails" time="1.049"/>
  <testcase classname="testScenarios.RecipientAndSenderDetails" name="validateErrorMessageWithInvalidMobileNumberInSenderDetails" time="0.804"/>
  <testcase classname="testScenarios.RecipientAndSenderDetails" name="validateErrorMessageWithoutAddressInSenderDetails" time="0.896"/>
  <testcase classname="testScenarios.RecipientAndSenderDetailsDDT" name="enterRecipientDetailsDDT" time="14.306"/>
  <testcase classname="testScenarios.RecipientAndSenderDetailsDDT" name="enterSenderDetailsDDT" time="1.006"/>
  <testcase classname="testScenarios.RecipientAndSenderDetailsDDT" name="enterSenderDetailsDDT" time="0.869"/>
  <testcase classname="testScenarios.RecipientAndSenderDetailsDDT" name="enterSenderDetailsDDT" time="1.614"/>
  <testcase classname="testScenarios.RecipientAndSenderDetailsDDT" name="enterSenderDetailsDDT" time="0.769"/>
  <testcase classname="testScenarios.RecipientAndSenderDetailsDDT" name="enterSenderDetailsDDT" time="0.939"/>
  <testcase classname="testScenarios.RecipientAndSenderDetailsDDT" name="enterSenderDetailsDDT" time="0.934"/>
  <testcase classname="testScenarios.RecipientAndSenderDetailsDDT" name="enterSenderDetailsDDT" time="0.64"/>
</testsuite> <!-- ChromeTest -->
