<?xml version="1.0" encoding="UTF-8"?>
<!-- Generated by org.testng.reporters.JUnitXMLReporter -->
<testsuite ignored="0" hostname="LTIN180682" failures="0" tests="27" name="EdgeTest" time="52.595" errors="0" timestamp="2024-03-27T11:24:16 IST">
  <testcase classname="testScenarios.EndToEnd" name="isBookShelvesButtonPresent" time="0.073"/>
  <testcase classname="testScenarios.EndToEnd" name="verifyBookshelvesPage" time="2.974"/>
  <testcase classname="testScenarios.EndToEnd" name="handlePopup" time="5.243"/>
  <testcase classname="testScenarios.EndToEnd" name="isPriceFilterPresent" time="0.079"/>
  <testcase classname="testScenarios.EndToEnd" name="isStorageTypeFilterPresent" time="0.081"/>
  <testcase classname="testScenarios.EndToEnd" name="isBrandFilterPresent" time="0.055"/>
  <testcase classname="testScenarios.EndToEnd" name="isOutOfStockCheckboxPresent" time="0.038"/>
  <testcase classname="testScenarios.EndToEnd" name="isPriceFilterHoverable" time="0.228"/>
  <testcase classname="testScenarios.EndToEnd" name="isStorageTypeFilterHoverable" time="0.189"/>
  <testcase classname="testScenarios.EndToEnd" name="setPriceSlider" time="0.602"/>
  <testcase classname="testScenarios.EndToEnd" name="setStorageType" time="0.289"/>
  <testcase classname="testScenarios.EndToEnd" name="checkOutOfStock" time="0.111"/>
  <testcase classname="testScenarios.EndToEnd" name="displayBookshelvesDetails" time="3.948"/>
  <testcase classname="testScenarios.EndToEnd" name="isHomeDecorMenuPresent" time="5.304"/>
  <testcase classname="testScenarios.EndToEnd" name="getHomeDecorSubMenuItems" time="0.383"/>
  <testcase classname="testScenarios.EndToEnd" name="validateGiftCardButton" time="0.078"/>
  <testcase classname="testScenarios.EndToEnd" name="navigateToGiftCardsPage" time="3.447"/>
  <testcase classname="testScenarios.EndToEnd" name="verifyBirthdayCardIsDisplayed" time="0.079"/>
  <testcase classname="testScenarios.EndToEnd" name="giftCardCustomization" time="1.04"/>
  <testcase classname="testScenarios.EndToEnd" name="enterRecipientDetailsDDT" time="0.561"/>
  <testcase classname="testScenarios.EndToEnd" name="enterSenderDetailsDDT" time="1.474"/>
  <testcase classname="testScenarios.EndToEnd" name="enterSenderDetailsDDT" time="1.214"/>
  <testcase classname="testScenarios.EndToEnd" name="enterSenderDetailsDDT" time="1.883"/>
  <testcase classname="testScenarios.EndToEnd" name="enterSenderDetailsDDT" time="0.943"/>
  <testcase classname="testScenarios.EndToEnd" name="enterSenderDetailsDDT" time="1.086"/>
  <testcase classname="testScenarios.EndToEnd" name="enterSenderDetailsDDT" time="0.858"/>
  <testcase classname="testScenarios.EndToEnd" name="enterSenderDetailsDDT" time="0.783"/>
</testsuite> <!-- EdgeTest -->
